 AS V1.42 Beta [Bld 252] - Source File source.asm - Page 1 - 10.11.2023 12:23:01


    1/   0 :                            				CPU 8085
    2/8000 :                            				ORG 8000h
    3/8000 :                            
    4/8000 :                            ; USART registers
    5/8000 : =8H                        USART_DATA     EQU     08h
    6/8000 : =9H                        USART_CMD      EQU     09h
    7/8000 :                            
    8/8000 : 21 00 C0                   START:	LXI H,0C000h
    9/8003 : F9                         		SPHL
   10/8004 : CD AC 83                           CALL USART_INIT
   11/8007 : CD F1 83                   		CALL PRINT_ENC
   12/800A : 04 1C 66 F9 BD 63 4B D5 B5 		DB 004h, 01ch, 066h, 0f9h, 0bdh, 063h, 04bh, 0d5h, 0b5h, 0aah, 0c5h, 09ah, 06ah, 0b6h, 069h, 0b7h
      8013 : AA C5 9A 6A B6 69 B7      
   13/801A : B3 6D D4 4C 10 10 B7 69 EA 		DB 0b3h, 06dh, 0d4h, 04ch, 010h, 010h, 0b7h, 069h, 0eah, 036h, 070h, 0b0h, 0fah, 026h, 079h, 0a7h
      8023 : 36 70 B0 FA 26 79 A7      
   14/802A : 55 CB C1 5F B2 6E F4 2C 38 		DB 055h, 0cbh, 0c1h, 05fh, 0b2h, 06eh, 0f4h, 02ch, 038h, 0e8h, 039h, 0e7h, 096h, 08ah, 097h, 089h
      8033 : E8 39 E7 96 8A 97 89      
   15/803A : 1D 03 63 BD 83 9D 87 99 D9 		DB 01dh, 003h, 063h, 0bdh, 083h, 09dh, 087h, 099h, 0d9h, 047h, 057h, 0c9h, 03ch, 0e4h, 0efh, 031h
      8043 : 47 57 C9 3C E4 EF 31      
   16/804A : 99 C6 5B C5 22 FE 18 08 D9 		DB 099h, 0c6h, 05bh, 0c5h, 022h, 0feh, 018h, 008h, 0d9h, 047h, 090h, 090h, 089h, 097h, 0ach, 074h
      8053 : 47 90 90 89 97 AC 74      
   17/805A : 41 DF CF 51 94 8C D4 8B BA 		DB 041h, 0dfh, 0cfh, 051h, 094h, 08ch, 0d4h, 08bh, 0bah, 0a5h, 0e9h, 076h, 0f7h, 068h, 092h, 0cdh
      8063 : A5 E9 76 F7 68 92 CD      
   18/806A : EB 35 89 97 D9 47 6C B4 9A 		DB 0ebh, 035h, 089h, 097h, 0d9h, 047h, 06ch, 0b4h, 09ah, 0c5h, 0c2h, 048h, 040h, 03ch, 088h, 098h
      8073 : C5 C2 48 40 3C 88 98      
   19/807A : FC 80 EA 45 6A B6 92 9D B4 		DB 0fch, 080h, 0eah, 045h, 06ah, 0b6h, 092h, 09dh, 0b4h, 0abh, 04fh, 010h, 03fh, 020h, 00eh, 012h
      8083 : AB 4F 10 3F 20 0E 12      
   20/808A : E0 40 A4 BB A1 7F 90 90 D8 		DB 0e0h, 040h, 0a4h, 0bbh, 0a1h, 07fh, 090h, 090h, 0d8h, 048h, 06dh, 0f2h, 013h, 04ch, 01ah, 045h
      8093 : 48 6D F2 13 4C 1A 45      
   21/809A : 07 19 85 9B 7A A6 29 36 52 		DB 007h, 019h, 085h, 09bh, 07ah, 0a6h, 029h, 036h, 052h, 00dh, 082h, 0ddh, 057h, 008h, 01dh, 042h
      80A3 : 0D 82 DD 57 08 1D 42      
   22/80AA : AB 75 AC 74 ED 72 5E 01 2C 		DB 0abh, 075h, 0ach, 074h, 0edh, 072h, 05eh, 001h, 02ch, 033h, 00dh, 06fh, 0c5h, 05bh, 063h, 019h
      80B3 : 33 0D 6F C5 5B 63 19      
   23/80BA : 74 EB CE 52 E0 7F 42 1D 87 		DB 074h, 0ebh, 0ceh, 052h, 0e0h, 07fh, 042h, 01dh, 087h, 0d8h, 032h, 0eeh, 0e7h, 039h, 0fdh, 023h
      80C3 : D8 32 EE E7 39 FD 23      
   24/80CA : 2F 4D 9B C4 BE 62 04 1C E2 		DB 02fh, 04dh, 09bh, 0c4h, 0beh, 062h, 004h, 01ch, 0e2h, 03eh, 045h, 01ah, 035h, 047h, 08eh, 0d1h
      80D3 : 3E 45 1A 35 47 8E D1      
   25/80DA : 94 CB AD CF 77 A9 52 2A 81 		DB 094h, 0cbh, 0adh, 0cfh, 077h, 0a9h, 052h, 02ah, 081h, 09fh, 02ch, 033h, 0b4h, 0abh, 0cch, 093h
      80E3 : 9F 2C 33 B4 AB CC 93      
   26/80EA : 7C A4 97 89 0A 55 93 CC E5 		DB 07ch, 0a4h, 097h, 089h, 00ah, 055h, 093h, 0cch, 0e5h, 07ah, 086h, 09ah, 0f7h, 068h, 038h, 027h
      80F3 : 7A 86 9A F7 68 38 27      
   27/80FA : C5 9A 08 18 1F 01 DC 83 82 		DB 0c5h, 09ah, 008h, 018h, 01fh, 001h, 0dch, 083h, 082h, 09eh, 0afh, 0b0h, 0a1h, 0beh, 080h, 0a0h
      8103 : 9E AF B0 A1 BE 80 A0      
   28/810A : 99 C6 A6 B9 F8 67 35 D5 BD 		DB 099h, 0c6h, 0a6h, 0b9h, 0f8h, 067h, 035h, 0d5h, 0bdh, 0bfh, 079h, 0a7h, 007h, 020h, 0cdh, 053h
      8113 : BF 79 A7 07 20 CD 53      
   29/811A : 3F F0 92 9D 63 BD 52 0D 4C 		DB 03fh, 0f0h, 092h, 09dh, 063h, 0bdh, 052h, 00dh, 04ch, 0d4h, 045h, 017h, 0fdh, 07fh, 09ah, 086h
      8123 : D4 45 17 FD 7F 9A 86      
   30/812A : 42 3A DD 43 06 76 BE 62 3F 		DB 042h, 03ah, 0ddh, 043h, 006h, 076h, 0beh, 062h, 03fh, 01dh, 0fch, 024h, 029h, 033h, 0cah, 056h
      8133 : 1D FC 24 29 33 CA 56      
   31/813A : 97 98 7B A5 2F 00 4E D2 E8 		DB 097h, 098h, 07bh, 0a5h, 02fh, 000h, 04eh, 0d2h, 0e8h, 077h, 0d8h, 048h, 004h, 058h, 018h, 017h
      8143 : 77 D8 48 04 58 18 17      
   32/814A : CB 55 79 E6 04 5B E9 93 54 		DB 0cbh, 055h, 079h, 0e6h, 004h, 05bh, 0e9h, 093h, 054h, 0cch, 0b5h, 0aah, 0d0h, 08fh, 0b6h, 079h
      8153 : CC B5 AA D0 8F B6 79      
   33/815A : 58 C8 09 56 F9 27 E5 77 81 		DB 058h, 0c8h, 009h, 056h, 0f9h, 027h, 0e5h, 077h, 081h, 09fh, 02eh, 0f2h, 0a6h, 07ah, 08bh, 095h
      8163 : 9F 2E F2 A6 7A 8B 95      
   34/816A : FB 81 CC 54 39 43 88 A7 BA 		DB 0fbh, 081h, 0cch, 054h, 039h, 043h, 088h, 0a7h, 0bah, 066h, 03dh, 022h, 020h, 000h, 00bh, 051h
      8173 : 66 3D 22 20 00 0B 51      
   35/817A : 4F D1 51 2B 90 9F FF 21 EB 		DB 04fh, 0d1h, 051h, 02bh, 090h, 09fh, 0ffh, 021h, 0ebh, 074h, 0f6h, 02ah, 039h, 023h, 0e0h, 04fh
      8183 : 74 F6 2A 39 23 E0 4F      
   36/818A : A6 7A 13 4C FC 63 16 19 81 		DB 0a6h, 07ah, 013h, 04ch, 0fch, 063h, 016h, 019h, 081h, 09fh, 089h, 0d6h, 03dh, 0e3h, 032h, 02ah
 AS V1.42 Beta [Bld 252] - Source File source.asm - Page 2 - 10.11.2023 12:23:01


      8193 : 9F 89 D6 3D E3 32 2A      
   37/819A : C9 B3 5A C6 33 F4 A9 B6 83 		DB 0c9h, 0b3h, 05ah, 0c6h, 033h, 0f4h, 0a9h, 0b6h, 083h, 09dh, 0c6h, 09ah, 014h, 00ch, 067h, 0f8h
      81A3 : 9D C6 9A 14 0C 67 F8      
   38/81AA : CC 54 1B 41 13 F7 B3 C9 68 		DB 0cch, 054h, 01bh, 041h, 013h, 0f7h, 0b3h, 0c9h, 068h, 0b8h, 080h, 0aeh, 0bah, 066h, 0e5h, 077h
      81B3 : B8 80 AE BA 66 E5 77      
   39/81BA : BB 65 0C 1C D1 8E D4 55 A1 		DB 0bbh, 065h, 00ch, 01ch, 0d1h, 08eh, 0d4h, 055h, 0a1h, 07fh, 0f3h, 089h, 052h, 0ceh, 0e8h, 094h
      81C3 : 7F F3 89 52 CE E8 94      
   40/81CA : 0F 50 2C 50 5D C3 A5 D7 C3 		DB 00fh, 050h, 02ch, 050h, 05dh, 0c3h, 0a5h, 0d7h, 0c3h, 099h, 088h, 098h, 034h, 022h, 07dh, 0a3h
      81D3 : 99 88 98 34 22 7D A3      
   41/81DA : F2 3D 96 8A 6D BB 5E 01 90 		DB 0f2h, 03dh, 096h, 08ah, 06dh, 0bbh, 05eh, 001h, 090h, 099h, 01ch, 004h, 079h, 0e3h, 0b8h, 0a7h
      81E3 : 99 1C 04 79 E3 B8 A7      
   42/81EA : 34 2B AA 76 BA A2 87 99 B4 		DB 034h, 02bh, 0aah, 076h, 0bah, 0a2h, 087h, 099h, 0b4h, 0c8h, 0a9h, 0d3h, 077h, 0a9h, 055h, 0d3h
      81F3 : C8 A9 D3 77 A9 55 D3      
   43/81FA : CB 94 CB 5E F3 2D 67 15 6A 		DB 0cbh, 094h, 0cbh, 05eh, 0f3h, 02dh, 067h, 015h, 06ah, 0b6h, 0a7h, 079h, 0e9h, 037h, 0cah, 0b2h
      8203 : B6 A7 79 E9 37 CA B2      
   44/820A : E5 3B 00 7C 2D F3 FF 21 49 		DB 0e5h, 03bh, 000h, 07ch, 02dh, 0f3h, 0ffh, 021h, 049h, 016h, 0bdh, 0a2h, 01bh, 014h, 04fh, 0d1h
      8213 : 16 BD A2 1B 14 4F D1      
   45/821A : F4 88 E5 3B 49 D7 85 DA 1D 		DB 0f4h, 088h, 0e5h, 03bh, 049h, 0d7h, 085h, 0dah, 01dh, 042h, 0f6h, 039h, 00fh, 011h, 02eh, 0fah
      8223 : 42 F6 39 0F 11 2E FA      
   46/822A : C4 9B 8C F0 05 1B 20 08 CF 		DB 0c4h, 09bh, 08ch, 0f0h, 005h, 01bh, 020h, 008h, 0cfh, 090h, 049h, 0e0h, 068h, 0b8h, 0e9h, 093h
      8233 : 90 49 E0 68 B8 E9 93      
   47/823A : 75 AB E7 95 95 8B 0E 6E 81 		DB 075h, 0abh, 0e7h, 095h, 095h, 08bh, 00eh, 06eh, 081h, 09fh, 0c6h, 0b6h, 0aeh, 072h, 04fh, 02dh
      8243 : 9F C6 B6 AE 72 4F 2D      
   48/824A : F8 28 8A F2 85 85 91 EB 7B 		DB 0f8h, 028h, 08ah, 0f2h, 085h, 085h, 091h, 0ebh, 07bh, 0e4h, 070h, 00ch, 03dh, 01fh, 074h, 0ebh
      8253 : E4 70 0C 3D 1F 74 EB      
   49/825A : BD 9F 17 48 2C 33 D0 8F 0B 		DB 0bdh, 09fh, 017h, 048h, 02ch, 033h, 0d0h, 08fh, 00bh, 024h, 0e2h, 03eh, 052h, 00ah, 08eh, 0d1h
      8263 : 24 E2 3E 52 0A 8E D1      
   50/826A : 1C 43 CA 62 23 3C F4 88 9F 		DB 01ch, 043h, 0cah, 062h, 023h, 03ch, 0f4h, 088h, 09fh, 081h, 062h, 0fah, 0fbh, 064h, 078h, 0b7h
      8273 : 81 62 FA FB 64 78 B7      
   51/827A : 54 CC 07 55 14 4B 6B F4 ED 		DB 054h, 0cch, 007h, 055h, 014h, 04bh, 06bh, 0f4h, 0edh, 072h, 0a1h, 08eh, 004h, 078h, 0a7h, 0b8h
      8283 : 72 A1 8E 04 78 A7 B8      
   52/828A : A5 BA EF 70 79 B6 81 DB E5 		DB 0a5h, 0bah, 0efh, 070h, 079h, 0b6h, 081h, 0dbh, 0e5h, 07ah, 05dh, 002h, 007h, 055h, 081h, 0deh
      8293 : 7A 5D 02 07 55 81 DE      
   53/829A : 21 3E BF A0 8D A2 FE 22 F5 		DB 021h, 03eh, 0bfh, 0a0h, 08dh, 0a2h, 0feh, 022h, 0f5h, 02bh, 0e2h, 03eh, 0a7h, 079h, 015h, 067h
      82A3 : 2B E2 3E A7 79 15 67      
   54/82AA : F0 6F DA A2 47 15 72 ED E0 		DB 0f0h, 06fh, 0dah, 0a2h, 047h, 015h, 072h, 0edh, 0e0h, 07fh, 0c7h, 098h, 0eah, 092h, 0cdh, 092h
      82B3 : 7F C7 98 EA 92 CD 92      
   55/82BA : 95 E7 D2 8A 4F 10 08 57 E9 		DB 095h, 0e7h, 0d2h, 08ah, 04fh, 010h, 008h, 057h, 0e9h, 076h, 098h, 0e4h, 0edh, 06fh, 05bh, 004h
      82C3 : 76 98 E4 ED 6F 5B 04      
   56/82CA : 3B 24 F8 67 86 D6 D2 8D 6E 		DB 03bh, 024h, 0f8h, 067h, 086h, 0d6h, 0d2h, 08dh, 06eh, 0f1h, 041h, 01eh, 027h, 008h, 09ah, 0e2h
      82D3 : F1 41 1E 27 08 9A E2      
   57/82DA : 88 D7 E3 99 E2 3E 46 36 30 		DB 088h, 0d7h, 0e3h, 099h, 0e2h, 03eh, 046h, 036h, 030h, 02fh, 074h, 008h, 059h, 0c7h, 094h, 0e8h
      82E3 : 2F 74 08 59 C7 94 E8      
   58/82EA : F5 6A D9 A3 AF 5B 3D CD    		DB 0f5h, 06ah, 0d9h, 0a3h, 0afh, 05bh, 03dh, 0cdh
   59/82F2 : 2A                         		DB 42
   60/82F3 : C3 07 83                   		JMP FLAG
   61/82F6 :                            PRINT_ENC_STR_2:
   62/82F6 : E1                         		POP H
   63/82F7 :                            LOOP:
   64/82F7 : 7E                         		MOV	A,M					; Get byte from message
   65/82F8 : 23                         		INX	H					; Advance to next
   66/82F9 : FE 42                      		CPI 42h
   67/82FB : CA 06 83                   		JZ END						; Yes, exit
   68/82FE : 86                         		ADD M
   69/82FF : 23                         		INX H
   70/8300 : CD CA 83                   		CALL	USART_OUT		; Output the character
   71/8303 : C3 F7 82                   		JMP	LOOP				; And proceed
   72/8306 : E9                         END:	PCHL
   73/8307 :                            FLAG:
   74/8307 : CD F6 82                   		CALL PRINT_ENC_STR_2
 AS V1.42 Beta [Bld 252] - Source File source.asm - Page 3 - 10.11.2023 12:23:01


   75/830A : 07 3D D7 98 CE 52 14 5A 7E 		DB 007h, 03dh, 0d7h, 098h, 0ceh, 052h, 014h, 05ah, 07eh, 0f1h, 030h, 044h, 0a6h, 07ah, 07ah, 0f6h
      8313 : F1 30 44 A6 7A 7A F6      
   76/831A : 4F 23 68 07 DE 98 FB 6E 54 		DB 04fh, 023h, 068h, 007h, 0deh, 098h, 0fbh, 06eh, 054h, 010h, 022h, 043h, 026h, 0fah, 04ch, 028h
      8323 : 10 22 43 26 FA 4C 28      
   77/832A : E3 85 C7 9E 88 98 88 E8 87 		DB 0e3h, 085h, 0c7h, 09eh, 088h, 098h, 088h, 0e8h, 087h, 0dah, 04ah, 029h, 029h, 04ah, 031h, 046h
      8333 : DA 4A 29 29 4A 31 46      
   78/833A : 17 58 1E 54 29 3B 19 07 CA 		DB 017h, 058h, 01eh, 054h, 029h, 03bh, 019h, 007h, 0cah, 0aah, 0e9h, 086h, 04bh, 0d5h, 029h, 018h
      8343 : AA E9 86 4B D5 29 18      
   79/834A : 10 58 10 66 96 CF B7 B7 81 		DB 010h, 058h, 010h, 066h, 096h, 0cfh, 0b7h, 0b7h, 081h, 0a0h, 09ah, 070h, 061h, 0e3h, 0fdh, 04ch
      8353 : A0 9A 70 61 E3 FD 4C      
   80/835A : 64 EF 97 B8 01 41 89 BC 1B 		DB 064h, 0efh, 097h, 0b8h, 001h, 041h, 089h, 0bch, 01bh, 03eh, 007h, 054h, 0f1h, 070h, 0e8h, 080h
      8363 : 3E 07 54 F1 70 E8 80      
   81/836A : 51 25 9B CA 1F 4F 4F D1 5D 		DB 051h, 025h, 09bh, 0cah, 01fh, 04fh, 04fh, 0d1h, 05dh, 00ch, 0deh, 095h, 04eh, 0d2h, 05ch, 00ah
      8373 : 0C DE 95 4E D2 5C 0A      
   82/837A : D1 9E C6 AC DB 45 B5 B7 8B 		DB 0d1h, 09eh, 0c6h, 0ach, 0dbh, 045h, 0b5h, 0b7h, 08bh, 0d6h, 021h, 04ch, 05ah, 00bh, 0dfh, 041h
      8383 : D6 21 4C 5A 0B DF 41      
   83/838A : FB 78 0B 60 89 E9 D7 92 17 		DB 0fbh, 078h, 00bh, 060h, 089h, 0e9h, 0d7h, 092h, 017h, 059h, 059h, 01bh, 033h, 0edh, 014h, 057h
      8393 : 59 59 1B 33 ED 14 57      
   84/839A : 72 F7 8A DA 6E F6 56 13 64 		DB 072h, 0f7h, 08ah, 0dah, 06eh, 0f6h, 056h, 013h, 064h, 001h, 0efh, 084h, 085h, 0d8h, 02eh, 0dch
      83A3 : 01 EF 84 85 D8 2E DC      
   85/83AA : 42                         		DB 42h
   86/83AB : CF                                RST 1
   87/83AC :                            
   88/83AC :                            USART_INIT:
   89/83AC : AF                         		XRA	A		; Insure not setup mode
   90/83AD : D3 09                      		OUT	9		; Write once
   91/83AF : D3 09                      		OUT	9		; Write again (now in operate mode)
   92/83B1 : D3 09                      		OUT	9		; Write again (now in operate mode)
   93/83B3 : 3E 40                      		MVI	A,01000000b	; Reset
   94/83B5 : D3 09                      		OUT	9		; write it
   95/83B7 : 3E 4E                      		MVI	A,01001110b	; 8 data, 1 stop, x16
   96/83B9 : D3 09                      		OUT	9		; Write it
   97/83BB : 3E 37                      		MVI	A,00110111b	; RTS,DTR,Enable RX,TX
   98/83BD : D3 09                      		OUT	9		; Write it
   99/83BF : C9                         		RET
  100/83C0 :                            
  101/83C0 :                            ; Read character from USART
  102/83C0 :                            USART_IN:
  103/83C0 : DB 09                      		IN      USART_CMD       ; Read USART status
  104/83C2 : E6 02                              ANI     2               ; Test RxRdy bit
  105/83C4 : CA C0 83                      		JZ      USART_IN        ; Wait for the data
  106/83C7 : DB 08                         		IN      USART_DATA      ; Read character
  107/83C9 : C9                            		RET
  108/83CA :                            
  109/83CA :                            ; Write character to USART
  110/83CA :                            USART_OUT:
  111/83CA : F5                         		PUSH	PSW		; Save char
  112/83CB :                            OUT1:
  113/83CB : DB 09                      		IN	9		; Get 8251 status
  114/83CD : 0F                         		RRC			; Test TX bit
  115/83CE : D2 CB 83                   		JNC	OUT1		; Not ready
  116/83D1 : F1                         		POP	PSW		; Restore char
  117/83D2 : D3 08                      		OUT	8		; Write 8251 data
  118/83D4 : C9                         		RET
  119/83D5 :                            ; Display message [HL]
  120/83D5 :                            ;
  121/83D5 :                            PRTSTR:
  122/83D5 : 7E                         		MOV	A,M					; Get byte from message
  123/83D6 : 23                         		INX	H					; Advance to next
  124/83D7 : A7                         		ANA	A					; End of message?
 AS V1.42 Beta [Bld 252] - Source File source.asm - Page 4 - 10.11.2023 12:23:01


  125/83D8 : C8                         		RZ						; Yes, exit
  126/83D9 : CD CA 83                   		CALL	USART_OUT		; Output the character
  127/83DC : C3 D5 83                   		JMP	PRTSTR				; And proceed
  128/83DF :                            
  129/83DF :                            PRINT_MSG:
  130/83DF : E1                         		POP H
  131/83E0 : CD D5 83                   		CALL PRTSTR
  132/83E3 : E9                         		PCHL
  133/83E4 :                            
  134/83E4 :                            PRINT_ENC_STR:
  135/83E4 : 7E                         		MOV	A,M					; Get byte from message
  136/83E5 : 23                         		INX	H					; Advance to next
  137/83E6 : FE 2A                      		CPI 42
  138/83E8 : C8                         		RZ						; Yes, exit
  139/83E9 : 86                         		ADD M
  140/83EA : 23                         		INX H
  141/83EB : CD CA 83                   		CALL	USART_OUT		; Output the character
  142/83EE : C3 E4 83                   		JMP	PRINT_ENC_STR				; And proceed
  143/83F1 :                            
  144/83F1 :                            
  145/83F1 :                            PRINT_ENC:
  146/83F1 : E1                         		POP H
  147/83F2 : CD E4 83                   		CALL PRINT_ENC_STR
  148/83F5 : E9                         		PCHL
  149/83F6 :                            BANNER:
  150/83F6 : 43 6F 6E 73 69 64 65 72 20 		DB "Consider trying harder!\n",0
      83FF : 74 72 79 69 6E 67 20 68 61
      8408 : 72 64 65 72 21 0A 00      
 AS V1.42 Beta [Bld 252] - Source File source.asm - Page 5 - 10.11.2023 12:23:01


  Symbol Table (* = unused):
  --------------------------

*ARCHITECTURE :                                      "aarch64-apple-darwin" - |
*BANNER :                      83F6 C | *CASESENSITIVE :                  0 - |
*CONSTPI :        3.141592653589793 - | *DATE :                "10.11.2023" - |
 END :                         8306 C | *FALSE :                          0 - |
 FLAG :                        8307 C | *FULLPMMU :                       1 - |
*HAS64 :                          1 - | *HASFPU :                         0 - |
*HASPMMU :                        0 - | *INSUPMODE :                      0 - |
*LISTON :                         1 - |  LOOP :                        82F7 C |
*MACEXP :                         7 - | *MOMCPU :                      8085 - |
*MOMCPUNAME :                "8085" - | *NESTMAX :                      100 - |
 OUT1 :                        83CB C | *PADDING :                        1 - |
 PRINT_ENC :                   83F1 C |  PRINT_ENC_STR :               83E4 C |
 PRINT_ENC_STR_2 :             82F6 C | *PRINT_MSG :                   83DF C |
 PRTSTR :                      83D5 C | *RELAXED :                        0 - |
*START :                       8000 C | *TIME :                  "12:23:01" - |
*TRUE :                           1 - |  USART_CMD :                      9 - |
 USART_DATA :                     8 - |  USART_IN :                    83C0 C |
 USART_INIT :                  83AC C |  USART_OUT :                   83CA C |
*VERSION :                     142F - | *Z80SYNTAX :                      0 - |

     37 symbols
     24 unused symbols

 AS V1.42 Beta [Bld 252] - Source File source.asm - Page 6 - 10.11.2023 12:23:01


  Code Pages:
  ----------

STANDARD (0 changed characters)

1 code page

0.01 seconds assembly time

    150 lines source file
      2 passes
      0 errors
      0 warnings
